<?xml version="1.0" encoding="UTF-8"?>
<!-- Generated by org.testng.reporters.JUnitReportReporter -->
<testsuite skipped="0" hostname="DESKTOP-MD5MIM9" name="PomTest.pomProductSearch" tests="1" failures="0" timestamp="2020-04-19T19:40:23 IST" time="17.776" errors="0">
  <testcase name="Prodsearch" time="17.776" classname="PomTest.pomProductSearch"/>
</testsuite> <!-- PomTest.pomProductSearch -->
