<?xml version="1.0" encoding="UTF-8"?>
<!-- Generated by org.testng.reporters.JUnitReportReporter -->
<testsuite skipped="0" hostname="DESKTOP-MD5MIM9" name="PomTest.productSearchTest" tests="1" failures="0" timestamp="2020-04-19T12:49:00 IST" time="31.860" errors="0">
  <testcase name="prodSearc" time="31.860" classname="PomTest.productSearchTest"/>
</testsuite> <!-- PomTest.productSearchTest -->
