<?xml version="1.0" encoding="UTF-8"?>
<!-- Generated by org.testng.reporters.JUnitReportReporter -->
<testsuite skipped="0" hostname="DESKTOP-MD5MIM9" name="PomTest.prodCatSearch" tests="1" failures="0" timestamp="2020-04-19T13:16:38 IST" time="15.210" errors="0">
  <testcase name="catSearch" time="15.210" classname="PomTest.prodCatSearch"/>
</testsuite> <!-- PomTest.prodCatSearch -->
