<?xml version="1.0" encoding="UTF-8"?>
<!-- Generated by org.testng.reporters.JUnitReportReporter -->
<testsuite skipped="0" hostname="DESKTOP-MD5MIM9" name="PomTest.pomProductCatsearch" tests="1" failures="0" timestamp="2020-04-19T19:46:35 IST" time="13.172" errors="0">
  <testcase name="ProdcatSearch" time="13.172" classname="PomTest.pomProductCatsearch"/>
</testsuite> <!-- PomTest.pomProductCatsearch -->
