<?xml version="1.0" encoding="UTF-8"?>
<!-- Generated by org.testng.reporters.JUnitReportReporter -->
<testsuite skipped="0" hostname="DESKTOP-MD5MIM9" name="Mydemo.EbayTest" tests="1" failures="0" timestamp="2020-05-09T01:29:39 IST" time="10.133" errors="0">
  <testcase name="Search" time="10.133" classname="Mydemo.EbayTest"/>
</testsuite> <!-- Mydemo.EbayTest -->
